NAnt 0.91 (Build 0.91.4312.0; release; 22/10/2011)
Copyright (C) 2001-2011 Gerry Shaw
http://nant.sourceforge.net

Buildfile: file:///D:/Sevansoft/Sevansoft.TechnologyUpliftSample/Sevansoft.TechnologyUpliftSample.build.xml
Target framework: Microsoft .NET Framework 4.0
Target(s) specified: FinaliseBuild 

 [property] Target framework changed to "Microsoft .NET Framework 3.5".
   [tstamp] 18 November 2013 16:36:53.
   [tstamp] year = 2013.

MakeWriteable:

     [echo] Task execution started at : 18/11/2013 16:36:53
   [attrib] Setting file attributes for 57 files to Normal.
   [attrib] D:\Sevansoft\Sevansoft.TechnologyUpliftSample\References\nunit.framework.dll
   [attrib] D:\Sevansoft\Sevansoft.TechnologyUpliftSample\Sevansoft.TechnologyUpliftSample\bin\Debug\Sevansoft.TechnologyUpliftSample.dll
   [attrib] D:\Sevansoft\Sevansoft.TechnologyUpliftSample\Sevansoft.TechnologyUpliftSample\bin\Debug\Sevansoft.TechnologyUpliftSample.pdb
   [attrib] D:\Sevansoft\Sevansoft.TechnologyUpliftSample\Sevansoft.TechnologyUpliftSample\bin\Debug\Sevansoft.TechnologyUpliftSample.xml
   [attrib] D:\Sevansoft\Sevansoft.TechnologyUpliftSample\Sevansoft.TechnologyUpliftSample\My Project\Application.Designer.vb
   [attrib] D:\Sevansoft\Sevansoft.TechnologyUpliftSample\Sevansoft.TechnologyUpliftSample\My Project\Application.myapp
   [attrib] D:\Sevansoft\Sevansoft.TechnologyUpliftSample\Sevansoft.TechnologyUpliftSample\My Project\AssemblyInfo.vb
   [attrib] D:\Sevansoft\Sevansoft.TechnologyUpliftSample\Sevansoft.TechnologyUpliftSample\My Project\Resources.Designer.vb
   [attrib] D:\Sevansoft\Sevansoft.TechnologyUpliftSample\Sevansoft.TechnologyUpliftSample\My Project\Resources.resx
   [attrib] D:\Sevansoft\Sevansoft.TechnologyUpliftSample\Sevansoft.TechnologyUpliftSample\My Project\Settings.Designer.vb
   [attrib] D:\Sevansoft\Sevansoft.TechnologyUpliftSample\Sevansoft.TechnologyUpliftSample\My Project\Settings.settings
   [attrib] D:\Sevansoft\Sevansoft.TechnologyUpliftSample\Sevansoft.TechnologyUpliftSample\obj\Debug\TempPE\My Project.Resources.Designer.vb.dll
   [attrib] D:\Sevansoft\Sevansoft.TechnologyUpliftSample\Sevansoft.TechnologyUpliftSample\obj\Debug\Resources.resources
   [attrib] D:\Sevansoft\Sevansoft.TechnologyUpliftSample\Sevansoft.TechnologyUpliftSample\obj\Debug\Sevansoft.TechnologyUpliftSample.dll
   [attrib] D:\Sevansoft\Sevansoft.TechnologyUpliftSample\Sevansoft.TechnologyUpliftSample\obj\Debug\Sevansoft.TechnologyUpliftSample.pdb
   [attrib] D:\Sevansoft\Sevansoft.TechnologyUpliftSample\Sevansoft.TechnologyUpliftSample\obj\Debug\Sevansoft.TechnologyUpliftSample.vbproj.FileListAbsolute.txt
   [attrib] D:\Sevansoft\Sevansoft.TechnologyUpliftSample\Sevansoft.TechnologyUpliftSample\obj\Debug\Sevansoft.TechnologyUpliftSample.vbproj.GenerateResource.Cache
   [attrib] D:\Sevansoft\Sevansoft.TechnologyUpliftSample\Sevansoft.TechnologyUpliftSample\obj\Debug\Sevansoft.TechnologyUpliftSample.xml
   [attrib] D:\Sevansoft\Sevansoft.TechnologyUpliftSample\Sevansoft.TechnologyUpliftSample\Person.vb
   [attrib] D:\Sevansoft\Sevansoft.TechnologyUpliftSample\Sevansoft.TechnologyUpliftSample\Sevansoft.TechnologyUpliftSample.vbproj
   [attrib] D:\Sevansoft\Sevansoft.TechnologyUpliftSample\Sevansoft.TechnologyUpliftSample\Sevansoft.TechnologyUpliftSample.vbproj.user
   [attrib] D:\Sevansoft\Sevansoft.TechnologyUpliftSample\Sevansoft.TechnologyUpliftSample.Tests\bin\Debug\coverage.log
   [attrib] D:\Sevansoft\Sevansoft.TechnologyUpliftSample\Sevansoft.TechnologyUpliftSample.Tests\bin\Debug\coverage.xml
   [attrib] D:\Sevansoft\Sevansoft.TechnologyUpliftSample\Sevansoft.TechnologyUpliftSample.Tests\bin\Debug\nunit.framework.dll
   [attrib] D:\Sevansoft\Sevansoft.TechnologyUpliftSample\Sevansoft.TechnologyUpliftSample.Tests\bin\Debug\Sevansoft.TechnologyUpliftSample.dll
   [attrib] D:\Sevansoft\Sevansoft.TechnologyUpliftSample\Sevansoft.TechnologyUpliftSample.Tests\bin\Debug\Sevansoft.TechnologyUpliftSample.pdb
   [attrib] D:\Sevansoft\Sevansoft.TechnologyUpliftSample\Sevansoft.TechnologyUpliftSample.Tests\bin\Debug\Sevansoft.TechnologyUpliftSample.Tests.dll
   [attrib] D:\Sevansoft\Sevansoft.TechnologyUpliftSample\Sevansoft.TechnologyUpliftSample.Tests\bin\Debug\Sevansoft.TechnologyUpliftSample.Tests.dll.VisualState.xml
   [attrib] D:\Sevansoft\Sevansoft.TechnologyUpliftSample\Sevansoft.TechnologyUpliftSample.Tests\bin\Debug\Sevansoft.TechnologyUpliftSample.Tests.pdb
   [attrib] D:\Sevansoft\Sevansoft.TechnologyUpliftSample\Sevansoft.TechnologyUpliftSample.Tests\bin\Debug\Sevansoft.TechnologyUpliftSample.Tests.xml
   [attrib] D:\Sevansoft\Sevansoft.TechnologyUpliftSample\Sevansoft.TechnologyUpliftSample.Tests\bin\Debug\Sevansoft.TechnologyUpliftSample.xml
   [attrib] D:\Sevansoft\Sevansoft.TechnologyUpliftSample\Sevansoft.TechnologyUpliftSample.Tests\bin\Debug\TestResult.xml
   [attrib] D:\Sevansoft\Sevansoft.TechnologyUpliftSample\Sevansoft.TechnologyUpliftSample.Tests\My Project\Application.Designer.vb
   [attrib] D:\Sevansoft\Sevansoft.TechnologyUpliftSample\Sevansoft.TechnologyUpliftSample.Tests\My Project\Application.myapp
   [attrib] D:\Sevansoft\Sevansoft.TechnologyUpliftSample\Sevansoft.TechnologyUpliftSample.Tests\My Project\AssemblyInfo.vb
   [attrib] D:\Sevansoft\Sevansoft.TechnologyUpliftSample\Sevansoft.TechnologyUpliftSample.Tests\My Project\Resources.Designer.vb
   [attrib] D:\Sevansoft\Sevansoft.TechnologyUpliftSample\Sevansoft.TechnologyUpliftSample.Tests\My Project\Resources.resx
   [attrib] D:\Sevansoft\Sevansoft.TechnologyUpliftSample\Sevansoft.TechnologyUpliftSample.Tests\My Project\Settings.Designer.vb
   [attrib] D:\Sevansoft\Sevansoft.TechnologyUpliftSample\Sevansoft.TechnologyUpliftSample.Tests\My Project\Settings.settings
   [attrib] D:\Sevansoft\Sevansoft.TechnologyUpliftSample\Sevansoft.TechnologyUpliftSample.Tests\obj\Debug\ResolveAssemblyReference.cache
   [attrib] D:\Sevansoft\Sevansoft.TechnologyUpliftSample\Sevansoft.TechnologyUpliftSample.Tests\obj\Debug\Resources.resources
   [attrib] D:\Sevansoft\Sevansoft.TechnologyUpliftSample\Sevansoft.TechnologyUpliftSample.Tests\obj\Debug\Sevansoft.TechnologyUpliftSample.Tests.dll
   [attrib] D:\Sevansoft\Sevansoft.TechnologyUpliftSample\Sevansoft.TechnologyUpliftSample.Tests\obj\Debug\Sevansoft.TechnologyUpliftSample.Tests.pdb
   [attrib] D:\Sevansoft\Sevansoft.TechnologyUpliftSample\Sevansoft.TechnologyUpliftSample.Tests\obj\Debug\Sevansoft.TechnologyUpliftSample.Tests.vbproj.FileListAbsolute.txt
   [attrib] D:\Sevansoft\Sevansoft.TechnologyUpliftSample\Sevansoft.TechnologyUpliftSample.Tests\obj\Debug\Sevansoft.TechnologyUpliftSample.Tests.vbproj.GenerateResource.Cache
   [attrib] D:\Sevansoft\Sevansoft.TechnologyUpliftSample\Sevansoft.TechnologyUpliftSample.Tests\obj\Debug\Sevansoft.TechnologyUpliftSample.Tests.xml
   [attrib] D:\Sevansoft\Sevansoft.TechnologyUpliftSample\Sevansoft.TechnologyUpliftSample.Tests\PersonTests.vb
   [attrib] D:\Sevansoft\Sevansoft.TechnologyUpliftSample\Sevansoft.TechnologyUpliftSample.Tests\Sevansoft.TechnologyUpliftSample.Tests.vbproj
   [attrib] D:\Sevansoft\Sevansoft.TechnologyUpliftSample\Sevansoft.TechnologyUpliftSample.Tests\Sevansoft.TechnologyUpliftSample.Tests.vbproj.user
   [attrib] D:\Sevansoft\Sevansoft.TechnologyUpliftSample\tests\Sevansoft.TechnologyUpliftSample.dll
   [attrib] D:\Sevansoft\Sevansoft.TechnologyUpliftSample\tests\Sevansoft.TechnologyUpliftSample.pdb
   [attrib] D:\Sevansoft\Sevansoft.TechnologyUpliftSample\Sevansoft.TechnologyUpliftSample.build.bat
   [attrib] D:\Sevansoft\Sevansoft.TechnologyUpliftSample\Sevansoft.TechnologyUpliftSample.build.log
   [attrib] D:\Sevansoft\Sevansoft.TechnologyUpliftSample\Sevansoft.TechnologyUpliftSample.build.xml
   [attrib] D:\Sevansoft\Sevansoft.TechnologyUpliftSample\Sevansoft.TechnologyUpliftSample.sln
   [attrib] D:\Sevansoft\Sevansoft.TechnologyUpliftSample\Sevansoft.TechnologyUpliftSample.suo
   [attrib] D:\Sevansoft\Sevansoft.TechnologyUpliftSample\VersionInfo.vb
   [attrib] Setting attributes for 2 directories to Directory.
   [attrib] D:\Sevansoft\Sevansoft.TechnologyUpliftSample\Sevansoft.TechnologyUpliftSample
   [attrib] D:\Sevansoft\Sevansoft.TechnologyUpliftSample\Sevansoft.TechnologyUpliftSample.Tests

Touch:

     [echo] Task execution started at : 18/11/2013 16:36:53
     [echo] Task execution finished at : 18/11/2013 16:36:53
     [echo] Task execution finished at : 18/11/2013 16:36:53

TidyVersion:

     [echo] Task execution started at : 18/11/2013 16:36:53
     [echo] Task execution finished at : 18/11/2013 16:36:53

UpdateVersion:

     [echo] Task execution started at : 18/11/2013 16:36:53
  [asminfo] File 'D:\Sevansoft\Sevansoft.TechnologyUpliftSample\VersionInfo.vb' is up-to-date.
     [echo] Task execution finished at : 18/11/2013 16:36:54

TestBuild:

     [echo] Task execution started at : 18/11/2013 16:36:54
   [delete] Deleting file D:\Sevansoft\Sevansoft.TechnologyUpliftSample\tests\Sevansoft.TechnologyUpliftSample.dll.
      [vbc] 'rebuild' attribute set to true, recompiling.
      [vbc] Compiling 3 files to 'D:\Sevansoft\Sevansoft.TechnologyUpliftSample\tests\Sevansoft.TechnologyUpliftSample.dll'.
      [vbc] Contents of C:\Users\Steve\AppData\Local\Temp\tmpB677.tmp.
      [vbc] /debug
      [vbc] "/define:DEBUG=True"
      [vbc] "/define:TRACE=True"
      [vbc] /optionexplicit
      [vbc] /optionstrict
      [vbc] /nologo
      [vbc] "/target:library"
      [vbc] "/define:CODE_ANALYSIS"
      [vbc] "/out:D:\Sevansoft\Sevansoft.TechnologyUpliftSample\tests\Sevansoft.TechnologyUpliftSample.dll"
      [vbc] /warnaserror
      [vbc] "/reference:C:\Windows\Microsoft.NET\Framework\v2.0.50727\System.dll"
      [vbc] "D:\Sevansoft\Sevansoft.TechnologyUpliftSample\Sevansoft.TechnologyUpliftSample\Person.vb"
      [vbc] "D:\Sevansoft\Sevansoft.TechnologyUpliftSample\Sevansoft.TechnologyUpliftSample\My Project\AssemblyInfo.vb"
      [vbc] "D:\Sevansoft\Sevansoft.TechnologyUpliftSample\VersionInfo.vb"
      [vbc] 
      [vbc] Starting 'C:\Windows\Microsoft.NET\Framework\v3.5\vbc.exe (@"C:\Users\Steve\AppData\Local\Temp\tmpB677.tmp")' in 'D:\Sevansoft\Sevansoft.TechnologyUpliftSample'
     [echo] Task execution finished at : 18/11/2013 16:36:54

RunTests:

     [echo] Task execution started at : 18/11/2013 16:36:54
      [vbc] 'rebuild' attribute set to true, recompiling.
      [vbc] Compiling 2 files to 'D:\Sevansoft\Sevansoft.TechnologyUpliftSample\tests\Sevansoft.TechnologyUpliftSample.Tests.dll'.
      [vbc] Contents of C:\Users\Steve\AppData\Local\Temp\tmpB8E5.tmp.
      [vbc] /optionexplicit
      [vbc] /optionstrict
      [vbc] /nologo
      [vbc] "/target:library"
      [vbc] "/out:D:\Sevansoft\Sevansoft.TechnologyUpliftSample\tests\Sevansoft.TechnologyUpliftSample.Tests.dll"
      [vbc] /warnaserror
      [vbc] "/reference:D:\Sevansoft\Sevansoft.TechnologyUpliftSample\References\nunit.framework.dll"
      [vbc] "/reference:D:\Sevansoft\Sevansoft.TechnologyUpliftSample\tests\Sevansoft.TechnologyUpliftSample.dll"
      [vbc] "/reference:C:\Windows\Microsoft.NET\Framework\v2.0.50727\System.dll"
      [vbc] "D:\Sevansoft\Sevansoft.TechnologyUpliftSample\Sevansoft.TechnologyUpliftSample.Tests\My Project\AssemblyInfo.vb"
      [vbc] "D:\Sevansoft\Sevansoft.TechnologyUpliftSample\VersionInfo.vb"
      [vbc] 
      [vbc] Starting 'C:\Windows\Microsoft.NET\Framework\v3.5\vbc.exe (@"C:\Users\Steve\AppData\Local\Temp\tmpB8E5.tmp")' in 'D:\Sevansoft\Sevansoft.TechnologyUpliftSample'
     [copy] Copying 1 file to 'D:\Sevansoft\Sevansoft.TechnologyUpliftSample\tests'.
     [copy] Copying 'D:\Sevansoft\Sevansoft.TechnologyUpliftSample\References\nunit.framework.dll' to 'D:\Sevansoft\Sevansoft.TechnologyUpliftSample\tests\nunit.framework.dll'.

UnitTestAssembly:

     [echo] Task execution started at : 18/11/2013 16:36:55
    [sleep] Sleeping for 1000 milliseconds.
   [ncover] Creating settings file: C:\Users\Steve\AppData\Local\Temp\tmpBECE.tmp.ncoversettings
   [ncover] Working directory: D:\Sevansoft\Sevansoft.TechnologyUpliftSample
   [ncover] Arguments: //r "C:\Users\Steve\AppData\Local\Temp\tmpBECE.tmp.ncoversettings" 
   [ncover] <?xml version="1.0" encoding="utf-8"?>
   [ncover] <ProfilerSettings>
   [ncover]   <CommandLineExe>C:\Program Files\Build Tools\NUnit\nunit-console-x86.exe</CommandLineExe>
   [ncover]   <CommandLineArgs> "D:\Sevansoft\Sevansoft.TechnologyUpliftSample\tests\Sevansoft.TechnologyUpliftSample.Tests.dll" /xml:"D:\Sevansoft\Sevansoft.TechnologyUpliftSample\tests\Sevansoft.TechnologyUpliftSample.Tests.xml" /nologo</CommandLineArgs>
   [ncover]   <WorkingDirectory>D:\Sevansoft\Sevansoft.TechnologyUpliftSample\tests</WorkingDirectory>
   [ncover]   <Assemblies>Sevansoft.TechnologyUpliftSample</Assemblies>
   [ncover]   <CoverageXml>D:\Sevansoft\Sevansoft.TechnologyUpliftSample\tests\Sevansoft.TechnologyUpliftSample.Tests.dll.Test_coverage.xml</CoverageXml>
   [ncover]   <LogFile>D:\Sevansoft\Sevansoft.TechnologyUpliftSample\tests\Sevansoft.TechnologyUpliftSample.Tests.dll.ncover.log</LogFile>
   [ncover]   <VerboseLog>false</VerboseLog>
   [ncover]   <NoLog>false</NoLog>
   [ncover]   <ProfileIIS>false</ProfileIIS>
   [ncover]   <DumpOnErrorNormal>false</DumpOnErrorNormal>
   [ncover]   <DumpOnErrorFull>false</DumpOnErrorFull>
   [ncover] </ProfilerSettings>
   [ncover] Starting 'C:\Program Files\Build Tools\nCover\NCover.Console.exe (//r "C:\Users\Steve\AppData\Local\Temp\tmpBECE.tmp.ncoversettings" )' in 'D:\Sevansoft\Sevansoft.TechnologyUpliftSample'
   [ncover] NCover.Console v1.5.4 - Code Coverage Analysis for .NET - http://ncover.org
   [ncover] Copyright (c) 2004-2005 Peter Waldschmidt
   [ncover] 
   [ncover] 
   [ncover] Command: C:\Program Files\Build Tools\NUnit\nunit-console-x86.exe
   [ncover] Command Args:  "D:\Sevansoft\Sevansoft.TechnologyUpliftSample\tests\Sevansoft.TechnologyUpliftSample.Tests.dll" /xml:"D:\Sevansoft\Sevansoft.TechnologyUpliftSample\tests\Sevansoft.TechnologyUpliftSample.Tests.xml" /nologo
   [ncover] Working Directory: D:\Sevansoft\Sevansoft.TechnologyUpliftSample\tests
   [ncover] Assemblies: Sevansoft.TechnologyUpliftSample
   [ncover] Coverage Xml: D:\Sevansoft\Sevansoft.TechnologyUpliftSample\tests\Sevansoft.TechnologyUpliftSample.Tests.dll.Test_coverage.xml
   [ncover] Coverage Log: D:\Sevansoft\Sevansoft.TechnologyUpliftSample\tests\Sevansoft.TechnologyUpliftSample.Tests.dll.ncover.log
   [ncover] 
   [ncover] Waiting for profiled application to connect...
   [ncover] ******************* Program Output *******************
   [ncover] ProcessModel: Default    DomainUsage: Single
   [ncover] Execution Runtime: net-2.0.50727.5472
   [ncover] 
   [ncover] Tests run: 0, Errors: 0, Failures: 0, Inconclusive: 0, Time: 0 seconds
   [ncover]   Not run: 0, Invalid: 0, Ignored: 0, Skipped: 0
   [ncover] 
   [ncover] ***************** End Program Output *****************
   [ncover] Deleting settings file: C:\Users\Steve\AppData\Local\Temp\tmpBECE.tmp.ncoversettings
    [sleep] Sleeping for 1000 milliseconds.
[ncoverexplorer] Working directory: D:\Sevansoft\Sevansoft.TechnologyUpliftSample
[ncoverexplorer] Arguments: /r:ModuleClassSummary /x:"D:\Sevansoft\Sevansoft.TechnologyUpliftSample\tests\coverageReport.xml" /c:"D:\Sevansoft\Sevansoft.TechnologyUpliftSample\tests\NAnt.NCoverExplorer.config" "D:\Sevansoft\Sevansoft.TechnologyUpliftSample\tests\Sevansoft.TechnologyUpliftSample.Tests.dll.Test_coverage.xml" 
[ncoverexplorer] Starting 'C:\Program Files\Build Tools\nCoverExplorer\ncoverexplorer.console.exe (/r:ModuleClassSummary /x:"D:\Sevansoft\Sevansoft.TechnologyUpliftSample\tests\coverageReport.xml" /c:"D:\Sevansoft\Sevansoft.TechnologyUpliftSample\tests\NAnt.NCoverExplorer.config" "D:\Sevansoft\Sevansoft.TechnologyUpliftSample\tests\Sevansoft.TechnologyUpliftSample.Tests.dll.Test_coverage.xml" )' in 'D:\Sevansoft\Sevansoft.TechnologyUpliftSample'
[ncoverexplorer] -----------------------------------------
[ncoverexplorer]     NCoverExplorer.Console 1.3.5.1872
[ncoverexplorer]     (c) 2006 Grant Drake
[ncoverexplorer]     http://www.ncoverexplorer.org/
[ncoverexplorer] -----------------------------------------
[ncoverexplorer] Using .config file: D:\Sevansoft\Sevansoft.TechnologyUpliftSample\tests\NAnt.NCoverExplorer.config
[ncoverexplorer] -- Options:
[ncoverexplorer]      Project Name: Sevansoft CCNet Plug
[ncoverexplorer]      Acceptance%:  70%
[ncoverexplorer]      Sort:         Name
[ncoverexplorer]      Filter:       None
[ncoverexplorer]      Xml Report:   D:\Sevansoft\Sevansoft.TechnologyUpliftSample\tests\coverageReport.xml
[ncoverexplorer]      Html Report:  N/A
[ncoverexplorer]      Report Type:  ModuleClassSummary(4)
[ncoverexplorer]      Merge To:     N/A
[ncoverexplorer]      Min Coverage: 70
[ncoverexplorer]      Exclusions:   (No report footer section)
[ncoverexplorer]      - any Assembly matching *Test (IsRegex=False)
[ncoverexplorer]      - any Namespace matching *My (IsRegex=False)
[ncoverexplorer]      - any Namespace matching *My.Resources (IsRegex=False)
[ncoverexplorer]      - any Namespace matching - (IsRegex=False)
[ncoverexplorer] 
[ncoverexplorer] -- Loading file: D:\Sevansoft\Sevansoft.TechnologyUpliftSample\tests\Sevansoft.TechnologyUpliftSample.Tests.dll.Test_coverage.xml...
[ncoverexplorer] -- Calculating coverage and applying exclusions...
[ncoverexplorer] -- Sorting...
[ncoverexplorer] -- Coverage file parsing complete.
[ncoverexplorer] 
[ncoverexplorer]      0% coverage, 0 unvisited sequence points in 1 coverage file(s).
[ncoverexplorer] 
[ncoverexplorer] -- Applying command line options ...
[ncoverexplorer] -- Generating summary report...
[ncoverexplorer] [OK] - Xml report created: D:\Sevansoft\Sevansoft.TechnologyUpliftSample\tests\coverageReport.xml
[ncoverexplorer] -- Done.
[ncoverexplorer] Deleting config file: D:\Sevansoft\Sevansoft.TechnologyUpliftSample\tests\NAnt.NCoverExplorer.config
    [sleep] Sleeping for 1000 milliseconds.
     [echo] Task execution finished at : 18/11/2013 16:37:01
     [echo] Task execution finished at : 18/11/2013 16:37:01

ReleaseBuild:

     [echo] Task execution started at : 18/11/2013 16:37:01
      [vbc] 'rebuild' attribute set to true, recompiling.
      [vbc] Compiling 3 files to 'D:\Sevansoft\Sevansoft.TechnologyUpliftSample\built\Sevansoft.TechnologyUpliftSample.dll'.
      [vbc] Contents of C:\Users\Steve\AppData\Local\Temp\tmpD268.tmp.
      [vbc] /optionexplicit
      [vbc] /optionstrict
      [vbc] /nologo
      [vbc] "/target:library"
      [vbc] "/out:D:\Sevansoft\Sevansoft.TechnologyUpliftSample\built\Sevansoft.TechnologyUpliftSample.dll"
      [vbc] /warnaserror
      [vbc] "/reference:C:\Windows\Microsoft.NET\Framework\v2.0.50727\System.dll"
      [vbc] "D:\Sevansoft\Sevansoft.TechnologyUpliftSample\Sevansoft.TechnologyUpliftSample\Person.vb"
      [vbc] "D:\Sevansoft\Sevansoft.TechnologyUpliftSample\Sevansoft.TechnologyUpliftSample\My Project\AssemblyInfo.vb"
      [vbc] "D:\Sevansoft\Sevansoft.TechnologyUpliftSample\VersionInfo.vb"
      [vbc] 
      [vbc] Starting 'C:\Windows\Microsoft.NET\Framework\v3.5\vbc.exe (@"C:\Users\Steve\AppData\Local\Temp\tmpD268.tmp")' in 'D:\Sevansoft\Sevansoft.TechnologyUpliftSample'
     [echo] Task execution finished at : 18/11/2013 16:37:01

FinaliseBuild:

     [echo] Task execution started at : 18/11/2013 16:37:01
[generatebuildinfo] Using generated property contents '11/18/2013 16:37:01' for BuildDate.
[generatebuildinfo] 
[generatebuildinfo] Using generated property contents '11/18/2013 16:37:01' for BuildDate.
[generatebuildinfo] 
[generatebuildinfo] Using CCNetLabel property contents '0.0.0.0' for Label.
[generatebuildinfo] 
[generatebuildinfo] Using provided property contents 'D:\Sevansoft\Sevansoft.TechnologyUpliftSample\built\information.xml' for Target file.
[generatebuildinfo] 
[generatebuildinfo] Validating BuildDate.
[generatebuildinfo] Validating BuildTime.
[generatebuildinfo] Validating Label.
[generatebuildinfo] Saving stylesheet to 'D:\Sevansoft\Sevansoft.TechnologyUpliftSample\built\information.xslt'.
[generatebuildinfo] Successfully saved to 'D:\Sevansoft\Sevansoft.TechnologyUpliftSample\built\information.xslt'.
[generatebuildinfo] Saving build information to 'D:\Sevansoft\Sevansoft.TechnologyUpliftSample\built\information.xml'.
[generatebuildinfo] Successfully saved to 'D:\Sevansoft\Sevansoft.TechnologyUpliftSample\built\information.xml'.

Touch:

     [echo] Task execution started at : 18/11/2013 16:37:01
     [echo] Task execution finished at : 18/11/2013 16:37:01
     [echo] Task execution finished at : 18/11/2013 16:37:01

Success:

     [echo] Task execution started at : 18/11/2013 16:37:01
     [echo] Successful build
     [echo] Task execution finished at : 18/11/2013 16:37:01

BUILD SUCCEEDED

Total time: 8.6 seconds.

